Change Physical Footprint: Designator=C1 Old Footprint=0603CAP New Footprint=0603CAP
Change Physical Footprint: Designator=C2 Old Footprint=0402CAP New Footprint=0402CAP
Change Physical Footprint: Designator=C3 Old Footprint=0402CAP New Footprint=0402CAP
Change Physical Footprint: Designator=C4 Old Footprint=0402CAP New Footprint=0402CAP
Change Physical Footprint: Designator=C5 Old Footprint=0402CAP New Footprint=0402CAP
Change Physical Footprint: Designator=C6 Old Footprint=0402CAP New Footprint=0402CAP
Change Physical Footprint: Designator=C7 Old Footprint=FP-GRT31C-0_2-IPC_B New Footprint=FP-GRT31C-0_2-IPC_B
Change Physical Footprint: Designator=C8 Old Footprint=0603CAP New Footprint=0603CAP
Change Physical Footprint: Designator=C9 Old Footprint=0402CAP New Footprint=0402CAP
Change Physical Footprint: Designator=C10 Old Footprint=0402CAP New Footprint=0402CAP
Change Physical Footprint: Designator=C11 Old Footprint=0402CAP New Footprint=0402CAP
Change Physical Footprint: Designator=C12 Old Footprint=0603CAP New Footprint=0603CAP
Change Physical Footprint: Designator=C13 Old Footprint=FP-GRM319-0_15-MFG New Footprint=FP-GRM319-0_15-MFG
Change Physical Footprint: Designator=C14 Old Footprint=FP-GRM155-0_05-MFG New Footprint=FP-GRM155-0_05-MFG
Change Physical Footprint: Designator=C15 Old Footprint=0603CAP New Footprint=0603CAP
Change Physical Footprint: Designator=C16 Old Footprint=0402CAP New Footprint=0402CAP
Change Physical Footprint: Designator=C17 Old Footprint=0402CAP New Footprint=0402CAP
Change Physical Footprint: Designator=C18 Old Footprint=0402CAP New Footprint=0402CAP
Change Physical Footprint: Designator=C19 Old Footprint=0402CAP New Footprint=0402CAP
Change Physical Footprint: Designator=C20 Old Footprint=CAPAE7866X61N New Footprint=CAPAE7866X61N
Change Physical Footprint: Designator=C21 Old Footprint=CAPAE7866X61N New Footprint=CAPAE7866X61N
Change Physical Footprint: Designator=C40 Old Footprint=0402CAP New Footprint=0402CAP
Change Physical Footprint: Designator=D1 Old Footprint=FP-APT1608LSECK-J3-PRV-MFG New Footprint=FP-APT1608LSECK-J3-PRV-MFG
Change Physical Footprint: Designator=D2 Old Footprint=FP-APT1608MGC-MFG New Footprint=FP-APT1608MGC-MFG
Change Physical Footprint: Designator=D3 Old Footprint=SODFL470X110-2N New Footprint=SODFL470X110-2N
Change Physical Footprint: Designator=J1 Old Footprint=FP-1054500101-MFG New Footprint=FP-1054500101-MFG
Change Physical Footprint: Designator=L1 Old Footprint=INDC3225X25N New Footprint=INDC3225X25N
Change Physical Footprint: Designator=P1 Old Footprint=Power Pad New Footprint=Power Pad
Change Physical Footprint: Designator=P2 Old Footprint=Small PTH Pad New Footprint=Small PTH Pad
Change Physical Footprint: Designator=P3 Old Footprint=Power Pad New Footprint=Power Pad
Change Physical Footprint: Designator=P4 Old Footprint=Small PTH Pad New Footprint=Small PTH Pad
Change Physical Footprint: Designator=P5 Old Footprint=Power Pad New Footprint=Power Pad
Change Physical Footprint: Designator=P6 Old Footprint=Small PTH Pad New Footprint=Small PTH Pad
Change Physical Footprint: Designator=P7 Old Footprint=Power Pad New Footprint=Power Pad
Change Physical Footprint: Designator=P8 Old Footprint=Small PTH Pad New Footprint=Small PTH Pad
Change Physical Footprint: Designator=P9 Old Footprint=Power Pad New Footprint=Power Pad
Change Physical Footprint: Designator=R1 Old Footprint=RESC1005X40X25LL05T05 New Footprint=RESC1005X40X25LL05T05
Change Physical Footprint: Designator=R2 Old Footprint=RESC1005X40X25LL05T05 New Footprint=RESC1005X40X25LL05T05
Change Physical Footprint: Designator=R3 Old Footprint=RESC1005X40X25LL05T05 New Footprint=RESC1005X40X25LL05T05
Change Physical Footprint: Designator=R4 Old Footprint=RESC1005X40X25LL05T05 New Footprint=RESC1005X40X25LL05T05
Change Physical Footprint: Designator=R5 Old Footprint=RESC1005X40X25LL05T05 New Footprint=RESC1005X40X25LL05T05
Change Physical Footprint: Designator=R6 Old Footprint=RESC1005X40X25LL05T05 New Footprint=RESC1005X40X25LL05T05
Change Physical Footprint: Designator=R7 Old Footprint=RESC1005X40X25LL05T05 New Footprint=RESC1005X40X25LL05T05
Change Physical Footprint: Designator=R8 Old Footprint=RESC1005X40X25LL05T05 New Footprint=RESC1005X40X25LL05T05
Change Physical Footprint: Designator=R9 Old Footprint=RESC1005X40X25LL05T05 New Footprint=RESC1005X40X25LL05T05
Change Physical Footprint: Designator=R10 Old Footprint=RESC1005X40X25LL05T05 New Footprint=RESC1005X40X25LL05T05
Change Physical Footprint: Designator=R11 Old Footprint=RESC1005X40X25LL05T05 New Footprint=RESC1005X40X25LL05T05
Change Physical Footprint: Designator=R12 Old Footprint=RESC1005X40X25LL05T05 New Footprint=RESC1005X40X25LL05T05
Change Physical Footprint: Designator=R13 Old Footprint=RESC1005X40X25LL05T05 New Footprint=RESC1005X40X25LL05T05
Change Physical Footprint: Designator=R14 Old Footprint=RESC1005X40X25LL05T05 New Footprint=RESC1005X40X25LL05T05
Change Physical Footprint: Designator=R15 Old Footprint=RESC1005X40X25LL05T05 New Footprint=RESC1005X40X25LL05T05
Change Physical Footprint: Designator=R16 Old Footprint=RESC1005X40X25LL05T05 New Footprint=RESC1005X40X25LL05T05
Change Physical Footprint: Designator=R17 Old Footprint=RESC1005X40X25LL05T05 New Footprint=RESC1005X40X25LL05T05
Change Physical Footprint: Designator=R18 Old Footprint=RESC1005X40X25LL05T05 New Footprint=RESC1005X40X25LL05T05
Change Physical Footprint: Designator=R19 Old Footprint=RESC1005X40X25LL05T05 New Footprint=RESC1005X40X25LL05T05
Change Physical Footprint: Designator=R20 Old Footprint=RESC1005X40X25LL05T05 New Footprint=RESC1005X40X25LL05T05
Change Physical Footprint: Designator=R21 Old Footprint=RESC1005X40X25LL05T05 New Footprint=RESC1005X40X25LL05T05
Change Physical Footprint: Designator=SW1 Old Footprint=EVQ-P2402M New Footprint=EVQ-P2402M
Change Physical Footprint: Designator=U1 Old Footprint=TSOP65P640X120-14N New Footprint=TSOP65P640X120-14N
Change Physical Footprint: Designator=U2 Old Footprint=QFN-48 New Footprint=QFN-48
Change Physical Footprint: Designator=U3 Old Footprint=QFN50P500X700X100_HS-41L New Footprint=QFN50P500X700X100_HS-41L
Change Physical Footprint: Designator=U4 Old Footprint=SOT65P210X100-3N New Footprint=SOT65P210X100-3N
Change Physical Footprint: Designator=U5 Old Footprint=SOT95P280X100-5N New Footprint=SOT95P280X100-5N
Change Physical Footprint: Designator=U6 Old Footprint=DBV0005A_M New Footprint=DBV0005A_M
Change Physical Footprint: Designator=Y1 Old Footprint=ABS05W-32.768KHZ-D-2-T New Footprint=ABS05W-32.768KHZ-D-2-T
