Change Component Footprint: Designator=D2 Old Footprint=FP-498-MFG New Footprint=FP-498-MFG
Change Component Designator: OldDesignator=C5 NewDesignator=C7
Change Component Designator: OldDesignator=C6 NewDesignator=C8
Change Component Designator: OldDesignator=C7 NewDesignator=C9
Change Component Designator: OldDesignator=U1 NewDesignator=U2
Added Component: Designator=C5(0603CAP)
Add component (AddParameter): Name = "Supplier 1"; Value = "Digi-Key"; VariantName = "[No Variations]"
Add component (AddParameter): Name = "Supplier Part Number 1"; Value = "478-12227-1-ND"; VariantName = "[No Variations]"
Added Component: Designator=C6(0603CAP)
Add component (AddParameter): Name = "Supplier 1"; Value = "Digi-Key"; VariantName = "[No Variations]"
Add component (AddParameter): Name = "Supplier Part Number 1"; Value = "478-12227-1-ND"; VariantName = "[No Variations]"
Added Component: Designator=U1(DFN6D_L)
Add component (AddParameter): Name = "ComponentLink1Description"; Value = "Manufacturer URL"; VariantName = "[No Variations]"
Add component (AddParameter): Name = "ComponentLink1URL"; Value = "http://www.st.com"; VariantName = "[No Variations]"
Add component (AddParameter): Name = "ComponentLink2Description"; Value = "Datasheet"; VariantName = "[No Variations]"
Add component (AddParameter): Name = "ComponentLink2URL"; Value = "http://www.st.com/internet/com/TECHNICAL_RESOURCES/TECHNICAL_LITERATURE/DATASHEET/CD00227527.pdf"; VariantName = "[No Variations]"
Add component (AddParameter): Name = "DatasheetVersion"; Value = "1/03/2009"; VariantName = "[No Variations]"
Add component (AddParameter): Name = "PackageDescription"; Value = "6-Pin Plastic, Dual LLP, 3 x 3 mm Body, 0.95 mm Pitch, Exposed Pad"; VariantName = "[No Variations]"
Add component (AddParameter): Name = "PackageReference"; Value = "DFN6D"; VariantName = "[No Variations]"
Add component (AddParameter): Name = "PackageVersion"; Value = "2008"; VariantName = "[No Variations]"
Add component (AddParameter): Name = "Supplier 1"; Value = "Newark"; VariantName = "[No Variations]"
Add component (AddParameter): Name = "Supplier Part Number 1"; Value = "18AC7413"; VariantName = "[No Variations]"
Added Pin To Net: NetName=GND Pin=C5-2
Added Pin To Net: NetName=3v3 Pin=C6-1
Added Pin To Net: NetName=GND Pin=C6-2
Added Pin To Net: NetName=GND Pin=U1-2
Added Pin To Net: NetName=3v3 Pin=U1-4
Added Pin To Net: NetName=GND Pin=U1-7
Change Net Name : Old Net Name=NetC5_1 New Net Name=NetC7_1
Change Net Name : Old Net Name=NetC6_1 New Net Name=NetC8_1
Change Net Name : Old Net Name=NetC7_1 New Net Name=NetC9_1
Added Pin To Net: NetName=5v Pin=C5-1
Added Pin To Net: NetName=5v Pin=D2-1
Added Pin To Net: NetName=5v Pin=U1-1
Added Pin To Net: NetName=5v Pin=U1-6
Added Net: Name=5v
Added Member To Class: ClassName=Motor Controller Member=Component C8 1 uF
Added Member To Class: ClassName=Motor Controller Member=Component C9 22 pF
Added Member To Class: ClassName=Motor Controller Member=Component U2 ATSAMD21G18A-MF
Added Room: Name=Motor Controller
