Removed Pin From Net: NetName=NetR5_1 Pin=R5-1
Removed Pin From Net: NetName=NetR6_1 Pin=R6-1
Change Component Designator: OldDesignator=C7 NewDesignator=C5
Change Component Designator: OldDesignator=C8 NewDesignator=C6
Change Component Designator: OldDesignator=C9 NewDesignator=C7
Change Component Designator: OldDesignator=C12 NewDesignator=C8
Change Component Designator: OldDesignator=C13 NewDesignator=C9
Change Component Designator: OldDesignator=C14 NewDesignator=C10
Change Component Designator: OldDesignator=R5 NewDesignator=R4
Change Component Designator: OldDesignator=R6 NewDesignator=R5
Change Component Designator: OldDesignator=R7 NewDesignator=R6
Change Component Designator: OldDesignator=U2 NewDesignator=U1
Added Component: Designator=U2(QFN50P500X700X100_HS-41L)
Added Pin To Net: NetName=NetR5_1 Pin=R5-1
Added Pin To Net: NetName=NetR6_1 Pin=R6-1
Added Pin To Net: NetName=AGND Pin=U2-2
Added Pin To Net: NetName=FB_BK Pin=U2-3
Added Pin To Net: NetName=DGND Pin=U2-4
Added Pin To Net: NetName=SW_BK Pin=U2-5
Added Pin To Net: NetName=CPL Pin=U2-6
Added Pin To Net: NetName=CPH Pin=U2-7
Added Pin To Net: NetName=CP Pin=U2-8
Added Pin To Net: NetName=VS Pin=U2-9
Added Pin To Net: NetName=VS Pin=U2-10
Added Pin To Net: NetName=VS Pin=U2-11
Added Pin To Net: NetName=PGND Pin=U2-12
Added Pin To Net: NetName=PHASE_U Pin=U2-13
Added Pin To Net: NetName=PHASE_U Pin=U2-14
Added Pin To Net: NetName=PGND Pin=U2-15
Added Pin To Net: NetName=PHASE_V Pin=U2-16
Added Pin To Net: NetName=PHASE_V Pin=U2-17
Added Pin To Net: NetName=PGND Pin=U2-18
Added Pin To Net: NetName=PHASE_W Pin=U2-19
Added Pin To Net: NetName=PHASE_W Pin=U2-20
Added Pin To Net: NetName=DRVOFF Pin=U2-21
Added Pin To Net: NetName=nFAULT Pin=U2-22
Added Pin To Net: NetName=nSLEEP Pin=U2-23
Added Pin To Net: NetName=VDDA Pin=U2-25
Added Pin To Net: NetName=AGND Pin=U2-26
Added Pin To Net: NetName=IN_UH Pin=U2-27
Added Pin To Net: NetName=IN_UL Pin=U2-28
Added Pin To Net: NetName=IN_VH Pin=U2-29
Added Pin To Net: NetName=IN_VL Pin=U2-30
Added Pin To Net: NetName=IN_WH Pin=U2-31
Added Pin To Net: NetName=IN_WL Pin=U2-32
Added Pin To Net: NetName=MISO Pin=U2-33
Added Pin To Net: NetName=MOSI Pin=U2-34
Added Pin To Net: NetName=SCK Pin=U2-35
Added Pin To Net: NetName=nCS Pin=U2-36
Added Pin To Net: NetName=VREF Pin=U2-37
Added Pin To Net: NetName=NetR6_1 Pin=U2-38
Added Pin To Net: NetName=NetR5_1 Pin=U2-39
Added Pin To Net: NetName=DGND Pin=U2-41
Added Pin To Net: NetName=DGND Pin=U2-42
Change Net Name : Old Net Name=NetC7_1 New Net Name=NetC5_1
Change Net Name : Old Net Name=NetC8_1 New Net Name=NetC6_1
Change Net Name : Old Net Name=NetC9_1 New Net Name=NetC7_1
Added Pin To Net: NetName=NetR4_1 Pin=R4-1
Added Pin To Net: NetName=NetR4_1 Pin=U2-40
Added Net: Name=NetR4_1
Added Member To Class: ClassName=Motor Controller Member=Component U2 DRV8316
Added Room: Name=Motor Controller
