Added Component: Designator=C?(0603CAP)
Add component (AddParameter): Name = "Supplier 1"; Value = "Digi-Key"; VariantName = "[No Variations]"
Add component (AddParameter): Name = "Supplier Part Number 1"; Value = "478-12227-1-ND"; VariantName = "[No Variations]"
Added Component: Designator=C?(0402CAP)
Add component (AddParameter): Name = "Supplier 1"; Value = "Digi-Key"; VariantName = "[No Variations]"
Add component (AddParameter): Name = "Supplier Part Number 1"; Value = "478-7869-1-ND"; VariantName = "[No Variations]"
Added Component: Designator=C?(0402CAP)
Add component (AddParameter): Name = "Supplier 1"; Value = "Digi-Key"; VariantName = "[No Variations]"
Add component (AddParameter): Name = "Supplier Part Number 1"; Value = "478-7869-1-ND"; VariantName = "[No Variations]"
Added Component: Designator=C?(0402CAP)
Add component (AddParameter): Name = "Supplier 1"; Value = "Digi-Key"; VariantName = "[No Variations]"
Add component (AddParameter): Name = "Supplier Part Number 1"; Value = "478-7869-1-ND"; VariantName = "[No Variations]"
Added Component: Designator=C?(0402CAP)
Add component (AddParameter): Name = "Supplier 1"; Value = "Digi-Key"; VariantName = "[No Variations]"
Add component (AddParameter): Name = "Supplier Part Number 1"; Value = "478-04025A220JAT4ACT-ND"; VariantName = "[No Variations]"
Added Component: Designator=C?(0402CAP)
Add component (AddParameter): Name = "Supplier 1"; Value = "Digi-Key"; VariantName = "[No Variations]"
Add component (AddParameter): Name = "Supplier Part Number 1"; Value = "478-04025A220JAT4ACT-ND"; VariantName = "[No Variations]"
Added Component: Designator=C?(0603CAP)
Add component (AddParameter): Name = "Supplier 1"; Value = "Digi-Key"; VariantName = "[No Variations]"
Add component (AddParameter): Name = "Supplier Part Number 1"; Value = "478-12227-1-ND"; VariantName = "[No Variations]"
Added Component: Designator=D?(FP-APT1608LSECK-J3-PRV-MFG)
Add component (AddParameter): Name = "Case Code (Imperial)"; Value = "0603"; VariantName = "[No Variations]"
Add component (AddParameter): Name = "Case Code (Metric)"; Value = "1608"; VariantName = "[No Variations]"
Add component (AddParameter): Name = "Case/Package"; Value = "0603"; VariantName = "[No Variations]"
Add component (AddParameter): Name = "Color"; Value = "Red"; VariantName = "[No Variations]"
Add component (AddParameter): Name = "Dominant Wavelength"; Value = "625nm"; VariantName = "[No Variations]"
Add component (AddParameter): Name = "Forward Voltage"; Value = "1.8V"; VariantName = "[No Variations]"
Add component (AddParameter): Name = "Height"; Value = "0.75mm"; VariantName = "[No Variations]"
Add component (AddParameter): Name = "Length"; Value = "1.6mm"; VariantName = "[No Variations]"
Add component (AddParameter): Name = "Lens Color"; Value = "Colorless"; VariantName = "[No Variations]"
Add component (AddParameter): Name = "Lens Transparency"; Value = "Clear"; VariantName = "[No Variations]"
Add component (AddParameter): Name = "Luminous Intensity"; Value = "40mcd"; VariantName = "[No Variations]"
Add component (AddParameter): Name = "Mount"; Value = "Surface Mount"; VariantName = "[No Variations]"
Add component (AddParameter): Name = "Packaging"; Value = "Tape and Reel"; VariantName = "[No Variations]"
Add component (AddParameter): Name = "Supplier 1"; Value = "Digi-Key"; VariantName = "[No Variations]"
Add component (AddParameter): Name = "Supplier Part Number 1"; Value = "754-1930-1-ND"; VariantName = "[No Variations]"
Add component (AddParameter): Name = "Test Current"; Value = "2mA"; VariantName = "[No Variations]"
Add component (AddParameter): Name = "Viewing Angle"; Value = "120°"; VariantName = "[No Variations]"
Add component (AddParameter): Name = "Width"; Value = "0.8mm"; VariantName = "[No Variations]"
Added Component: Designator=R?(0402RES)
Add component (AddParameter): Name = "Supplier 1"; Value = "Digi-Key"; VariantName = "[No Variations]"
Add component (AddParameter): Name = "Supplier Part Number 1"; Value = "P750LCT-ND"; VariantName = "[No Variations]"
Added Component: Designator=SW1(EVQ-P2402M)
Add component (AddParameter): Name = "Supplier 1"; Value = "Digi-Key"; VariantName = "[No Variations]"
Add component (AddParameter): Name = "Supplier Part Number 1"; Value = "P11080SCT-ND"; VariantName = "[No Variations]"
Added Component: Designator=U?(QFN-48)
Added Component: Designator=Y?(ABS05W-32.768KHZ-D-2-T)
Add component (AddParameter): Name = "Supplier 1"; Value = "Digi-Key"; VariantName = "[No Variations]"
Add component (AddParameter): Name = "Supplier Part Number 1"; Value = "535-14310-1-ND"; VariantName = "[No Variations]"
Added Pin To Net: NetName=GND Pin=C?-1
Added Pin To Net: NetName=GND Pin=C?-1
Added Pin To Net: NetName=GND Pin=C?-1
Added Pin To Net: NetName=GND Pin=C?-1
Added Pin To Net: NetName=3v3 Pin=C?-2
Added Pin To Net: NetName=3v3 Pin=C?-2
Added Pin To Net: NetName=3v3 Pin=C?-2
Added Pin To Net: NetName=3v3 Pin=C?-2
Added Pin To Net: NetName=GND Pin=C?-2
Added Pin To Net: NetName=GND Pin=C?-2
Added Pin To Net: NetName=GND Pin=C?-2
Added Pin To Net: NetName=GND Pin=D?-1
Added Pin To Net: NetName=D13 Pin=R?-1
Added Pin To Net: NetName=GND Pin=SW1-3
Added Pin To Net: NetName=\RESET Pin=SW1-4
Added Pin To Net: NetName=GND Pin=U?-5
Added Pin To Net: NetName=3v3 Pin=U?-6
Added Pin To Net: NetName=3v3 Pin=U?-17
Added Pin To Net: NetName=GND Pin=U?-18
Added Pin To Net: NetName=D13 Pin=U?-26
Added Pin To Net: NetName=USB_N Pin=U?-33
Added Pin To Net: NetName=USB_P Pin=U?-34
Added Pin To Net: NetName=GND Pin=U?-35
Added Pin To Net: NetName=3v3 Pin=U?-36
Added Pin To Net: NetName=\RESET Pin=U?-40
Added Pin To Net: NetName=GND Pin=U?-42
Added Pin To Net: NetName=3v3 Pin=U?-43
Added Pin To Net: NetName=3v3 Pin=U?-44
Added Pin To Net: NetName=GND Pin=U?-49
Added Pin To Net: NetName=NetC?_1 Pin=C?-1
Added Pin To Net: NetName=NetC?_1 Pin=U?-2
Added Pin To Net: NetName=NetC?_1 Pin=Y?-1
Added Net: Name=NetC?_1
Added Pin To Net: NetName=NetD?_2 Pin=D?-2
Added Pin To Net: NetName=NetD?_2 Pin=R?-2
Added Net: Name=NetD?_2
Added Pin To Net: NetName=NetU?_3 Pin=U?-3
Added Net: Name=NetU?_3
Added Pin To Net: NetName=NetU?_7 Pin=U?-7
Added Net: Name=NetU?_7
Added Pin To Net: NetName=NetU?_8 Pin=U?-8
Added Net: Name=NetU?_8
Added Pin To Net: NetName=NetU?_9 Pin=U?-9
Added Net: Name=NetU?_9
Added Pin To Net: NetName=NetU?_10 Pin=U?-10
Added Net: Name=NetU?_10
Added Pin To Net: NetName=NetU?_12 Pin=U?-12
Added Net: Name=NetU?_12
Added Pin To Net: NetName=NetU?_15 Pin=U?-15
Added Net: Name=NetU?_15
Added Pin To Net: NetName=NetU?_16 Pin=U?-16
Added Net: Name=NetU?_16
Added Pin To Net: NetName=NetU?_19 Pin=U?-19
Added Net: Name=NetU?_19
Added Pin To Net: NetName=NetU?_20 Pin=U?-20
Added Net: Name=NetU?_20
Added Pin To Net: NetName=NetU?_21 Pin=U?-21
Added Net: Name=NetU?_21
Added Pin To Net: NetName=NetU?_24 Pin=U?-24
Added Net: Name=NetU?_24
Added Pin To Net: NetName=NetU?_25 Pin=U?-25
Added Net: Name=NetU?_25
Added Pin To Net: NetName=NetU?_27 Pin=U?-27
Added Net: Name=NetU?_27
Added Pin To Net: NetName=NetU?_28 Pin=U?-28
Added Net: Name=NetU?_28
Added Pin To Net: NetName=NetU?_29 Pin=U?-29
Added Net: Name=NetU?_29
Added Pin To Net: NetName=NetU?_31 Pin=U?-31
Added Net: Name=NetU?_31
Added Pin To Net: NetName=NetU?_32 Pin=U?-32
Added Net: Name=NetU?_32
Added Pin To Net: NetName=NetU?_45 Pin=U?-45
Added Net: Name=NetU?_45
Added Pin To Net: NetName=NetU?_46 Pin=U?-46
Added Net: Name=NetU?_46
Added Pin To Net: NetName=NetU?_47 Pin=U?-47
Added Net: Name=NetU?_47
Added Member To Class: ClassName=Motor Controller Member=Component C? 1 uF
Added Member To Class: ClassName=Motor Controller Member=Component C? 100nF
Added Member To Class: ClassName=Motor Controller Member=Component C? 100nF
Added Member To Class: ClassName=Motor Controller Member=Component C? 100nF
Added Member To Class: ClassName=Motor Controller Member=Component C? 22 pF
Added Member To Class: ClassName=Motor Controller Member=Component C? 22 pF
Added Member To Class: ClassName=Motor Controller Member=Component C? 1 uF
Added Member To Class: ClassName=Motor Controller Member=Component D? Red
Added Member To Class: ClassName=Motor Controller Member=Component R? 750
Added Member To Class: ClassName=Motor Controller Member=Component SW1 EVQ-P2402M
Added Member To Class: ClassName=Motor Controller Member=Component U? ATSAMD21G18A-MF
Added Member To Class: ClassName=Motor Controller Member=Component Y? 32.768 kHz
Added Room: Name=Motor Controller
