Removed Pin From Net: NetName=GND Pin=C5-2
Removed Pin From Net: NetName=3v3 Pin=C6-1
Removed Pin From Net: NetName=GND Pin=C6-2
Removed Pin From Net: NetName=GND Pin=U1-2
Removed Pin From Net: NetName=3v3 Pin=U1-4
Removed Pin From Net: NetName=GND Pin=U1-7
Added Component: Designator=B1(Solder Bridge)
Added Component: Designator=C10(0402CAP)
Add component (AddParameter): Name = "Supplier 1"; Value = "Digi-Key"; VariantName = "[No Variations]"
Add component (AddParameter): Name = "Supplier Part Number 1"; Value = "478-7869-1-ND"; VariantName = "[No Variations]"
Added Component: Designator=C11(CAPC2013X140X50LL20T25)
Add component (AddParameter): Name = "Manufacturer"; Value = "AVX Interconnect / Elco"; VariantName = "[No Variations]"
Add component (AddParameter): Name = "Part Number"; Value = "0805ZC106KAT2A"; VariantName = "[No Variations]"
Add component (AddParameter): Name = "Supplier 1"; Value = "Future Electronics"; VariantName = "[No Variations]"
Add component (AddParameter): Name = "Supplier Part Number 1"; Value = "2116198"; VariantName = "[No Variations]"
Added Component: Designator=C12(0402CAP)
Add component (AddParameter): Name = "Supplier 1"; Value = "Digi-Key"; VariantName = "[No Variations]"
Add component (AddParameter): Name = "Supplier Part Number 1"; Value = "478-04025A220JAT4ACT-ND"; VariantName = "[No Variations]"
Added Component: Designator=C13(0402CAP)
Add component (AddParameter): Name = "Supplier 1"; Value = "Digi-Key"; VariantName = "[No Variations]"
Add component (AddParameter): Name = "Supplier Part Number 1"; Value = "478-04025A220JAT4ACT-ND"; VariantName = "[No Variations]"
Added Component: Designator=C14(0402CAP)
Add component (AddParameter): Name = "Supplier 1"; Value = "Digi-Key"; VariantName = "[No Variations]"
Add component (AddParameter): Name = "Supplier Part Number 1"; Value = "478-04025A220JAT4ACT-ND"; VariantName = "[No Variations]"
Added Component: Designator=P1(JST-S4B-XH-A(LF)(SN)_V)
Add component (AddParameter): Name = "ComponentLink1Description"; Value = "Manufacturer URL"; VariantName = "[No Variations]"
Add component (AddParameter): Name = "ComponentLink1URL"; Value = "http://www.jst.com/home2.html"; VariantName = "[No Variations]"
Add component (AddParameter): Name = "ComponentLink2Description"; Value = "Datasheet"; VariantName = "[No Variations]"
Add component (AddParameter): Name = "ComponentLink2URL"; Value = "http://www.jst-mfg.com/product/pdf/eng/eXH.pdf"; VariantName = "[No Variations]"
Add component (AddParameter): Name = "DatasheetVersion"; Value = "May-16"; VariantName = "[No Variations]"
Add component (AddParameter): Name = "PackageDescription"; Value = "Male Header, Pitch 2.5 mm, 1 x 4 Position, Height 6.1 mm, Tail Length 3.4 mm"; VariantName = "[No Variations]"
Add component (AddParameter): Name = "PackageReference"; Value = "S4B-XH-A(LF)(SN)"; VariantName = "[No Variations]"
Add component (AddParameter): Name = "Supplier 1"; Value = "Digi-Key"; VariantName = "[No Variations]"
Add component (AddParameter): Name = "Supplier Part Number 1"; Value = "455-2243-ND"; VariantName = "[No Variations]"
Added Component: Designator=R4(RESC1005X40X25LL05T05)
Add component (AddParameter): Name = "Case Code (Imperial)"; Value = "0402"; VariantName = "[No Variations]"
Add component (AddParameter): Name = "Case Code (Metric)"; Value = "1005"; VariantName = "[No Variations]"
Add component (AddParameter): Name = "Case\/Package"; Value = "0402"; VariantName = "[No Variations]"
Add component (AddParameter): Name = "ComponentLink1Description"; Value = "Manufacturer URL"; VariantName = "[No Variations]"
Add component (AddParameter): Name = "ComponentLink1URL"; Value = "http://www.panasonic.com/"; VariantName = "[No Variations]"
Add component (AddParameter): Name = "ComponentLink2Description"; Value = "Datasheet"; VariantName = "[No Variations]"
Add component (AddParameter): Name = "ComponentLink2URL"; Value = "http://industrial.panasonic.com/cdbs/www-data/pdf/RDA0000/AOA0000C86.pdf"; VariantName = "[No Variations]"
Add component (AddParameter): Name = "DatasheetVersion"; Value = "04/2015"; VariantName = "[No Variations]"
Add component (AddParameter): Name = "Height"; Value = "0.35 mm"; VariantName = "[No Variations]"
Add component (AddParameter): Name = "Length"; Value = "1 mm"; VariantName = "[No Variations]"
Add component (AddParameter): Name = "Max Operating Temperature"; Value = "155 degC"; VariantName = "[No Variations]"
Add component (AddParameter): Name = "Min Operating Temperature"; Value = "-55 degC"; VariantName = "[No Variations]"
Add component (AddParameter): Name = "Mount"; Value = "Surface Mount"; VariantName = "[No Variations]"
Add component (AddParameter): Name = "Mounting Technology"; Value = "Surface Mount"; VariantName = "[No Variations]"
Add component (AddParameter): Name = "Package Quantity"; Value = "1"; VariantName = "[No Variations]"
Add component (AddParameter): Name = "PackageDescription"; Value = "2-Pin Surface Mount Device, Body 1 x 0.5 mm"; VariantName = "[No Variations]"
Add component (AddParameter): Name = "PackageReference"; Value = "0402"; VariantName = "[No Variations]"
Add component (AddParameter): Name = "Packaging"; Value = "Cut Tape"; VariantName = "[No Variations]"
Add component (AddParameter): Name = "PartNumber"; Value = "ERJ-2RKF4701X"; VariantName = "[No Variations]"
Add component (AddParameter): Name = "Pins"; Value = "2"; VariantName = "[No Variations]"
Add component (AddParameter): Name = "Power Rating"; Value = "100 mW"; VariantName = "[No Variations]"
Add component (AddParameter): Name = "Radiation Hardening"; Value = "No"; VariantName = "[No Variations]"
Add component (AddParameter): Name = "REACH SVHC"; Value = "Yes"; VariantName = "[No Variations]"
Add component (AddParameter): Name = "Resistance"; Value = "4.7 KOhm"; VariantName = "[No Variations]"
Add component (AddParameter): Name = "RoHSCompliant"; Value = "true"; VariantName = "[No Variations]"
Add component (AddParameter): Name = "Supplier 1"; Value = "Digi-Key"; VariantName = "[No Variations]"
Add component (AddParameter): Name = "Supplier Part Number 1"; Value = "P4.70KLCT-ND"; VariantName = "[No Variations]"
Add component (AddParameter): Name = "Tolerance"; Value = "1%"; VariantName = "[No Variations]"
Add component (AddParameter): Name = "Voltage Rating"; Value = "50 V"; VariantName = "[No Variations]"
Add component (AddParameter): Name = "Width"; Value = "0.5 mm"; VariantName = "[No Variations]"
Added Component: Designator=R5(RESC1005X40X25LL05T05)
Add component (AddParameter): Name = "Manufacturer"; Value = "Panasonic"; VariantName = "[No Variations]"
Add component (AddParameter): Name = "Part Number"; Value = "ERJ2RKF3300X"; VariantName = "[No Variations]"
Added Component: Designator=R6(RESC1005X40X25LL05T05)
Add component (AddParameter): Name = "Manufacturer"; Value = "Panasonic"; VariantName = "[No Variations]"
Add component (AddParameter): Name = "Part Number"; Value = "ERJ2RKF3300X"; VariantName = "[No Variations]"
Added Component: Designator=R7(RESC1005X40X25LL05T05)
Add component (AddParameter): Name = "Manufacturer"; Value = "Panasonic"; VariantName = "[No Variations]"
Add component (AddParameter): Name = "Part Number"; Value = "ERJ2RKF3300X"; VariantName = "[No Variations]"
Added Component: Designator=U3(SOIC127P600X175-8N)
Add component (AddParameter): Name = "Lead Free"; Value = "Lead Free"; VariantName = "[No Variations]"
Add component (AddParameter): Name = "Max Operating Temperature"; Value = "125°C"; VariantName = "[No Variations]"
Add component (AddParameter): Name = "Min Operating Temperature"; Value = "-40°C"; VariantName = "[No Variations]"
Add component (AddParameter): Name = "Mount"; Value = "Surface Mount"; VariantName = "[No Variations]"
Add component (AddParameter): Name = "Sensing Method"; Value = "Hall Effect"; VariantName = "[No Variations]"
Add component (AddParameter): Name = "Supplier 1"; Value = "Digi-Key"; VariantName = "[No Variations]"
Add component (AddParameter): Name = "Supplier Part Number 1"; Value = "AS5600-ASOMCT-ND"; VariantName = "[No Variations]"
Add component (AddParameter): Name = "Termination"; Value = "SMD/SMT"; VariantName = "[No Variations]"
Added Pin To Net: NetName=GND Pin=B1-1
Added Pin To Net: NetName=GND Pin=C10-1
Added Pin To Net: NetName=3v3 Pin=C10-2
Added Pin To Net: NetName=GND Pin=C11-1
Added Pin To Net: NetName=3v3 Pin=C11-2
Added Pin To Net: NetName=GND Pin=P1-1
Added Pin To Net: NetName=3v3 Pin=P1-4
Added Pin To Net: NetName=3v3 Pin=R4-1
Added Pin To Net: NetName=3v3 Pin=U3-1
Added Pin To Net: NetName=3v3 Pin=U3-2
Added Pin To Net: NetName=GND Pin=U3-4
Added Pin To Net: NetName=AGND Pin=C12-2
Added Pin To Net: NetName=AGND Pin=C13-2
Added Pin To Net: NetName=AGND Pin=C14-2
Added Net: Name=AGND
Added Pin To Net: NetName=AOUT_U Pin=C14-1
Added Pin To Net: NetName=AOUT_U Pin=R5-2
Added Net: Name=AOUT_U
Added Pin To Net: NetName=AOUT_V Pin=C13-1
Added Pin To Net: NetName=AOUT_V Pin=R6-2
Added Net: Name=AOUT_V
Added Pin To Net: NetName=AOUT_W Pin=C12-1
Added Pin To Net: NetName=AOUT_W Pin=R7-2
Added Net: Name=AOUT_W
Added Net: Name=CPH
Added Net: Name=CPL
Added Net: Name=CP
Added Net: Name=DGND
Added Pin To Net: NetName=DIR Pin=B1-2
Added Pin To Net: NetName=DIR Pin=R4-2
Added Pin To Net: NetName=DIR Pin=U3-8
Added Net: Name=DIR
Added Net: Name=DRVOFF
Added Net: Name=FB_BK
Added Net: Name=IN_UH
Added Net: Name=IN_UL
Added Net: Name=IN_VH
Added Net: Name=IN_VL
Added Net: Name=IN_WH
Added Net: Name=IN_WL
Added Net: Name=nCS
Added Pin To Net: NetName=NetR5_1 Pin=R5-1
Added Net: Name=NetR5_1
Added Pin To Net: NetName=NetR6_1 Pin=R6-1
Added Net: Name=NetR6_1
Added Pin To Net: NetName=NetR7_1 Pin=R7-1
Added Net: Name=NetR7_1
Added Net: Name=nFAULT
Added Net: Name=nSLEEP
Added Pin To Net: NetName=OUT Pin=U3-3
Added Net: Name=OUT
Added Net: Name=PGND
Added Pin To Net: NetName=PGO Pin=U3-5
Added Net: Name=PGO
Added Net: Name=PHASE_U
Added Net: Name=PHASE_V
Added Net: Name=PHASE_W
Added Pin To Net: NetName=SCL Pin=P1-2
Added Pin To Net: NetName=SCL Pin=U3-7
Added Net: Name=SCL
Added Pin To Net: NetName=SDA Pin=P1-3
Added Pin To Net: NetName=SDA Pin=U3-6
Added Net: Name=SDA
Added Net: Name=SW_BK
Added Pin To Net: NetName=VCC Pin=D2-1
Added Net: Name=VCC
Added Net: Name=VDDA
Added Net: Name=VREF
Added Net: Name=VS
Added Class: Name=Magnetic Sensor
Added Member To Class: ClassName=Motor Controller Member=Component C7 22 pF
Added Member To Class: ClassName=Motor Controller Member=Component C12 22 pF
Added Member To Class: ClassName=Motor Controller Member=Component C13 22 pF
Added Member To Class: ClassName=Motor Controller Member=Component C14 22 pF
Added Member To Class: ClassName=Motor Controller Member=Component R5 330
Added Member To Class: ClassName=Motor Controller Member=Component R6 330
Added Member To Class: ClassName=Motor Controller Member=Component R7 330
Added Room: Name=Magnetic Sensor
Added Room: Name=Motor Controller
