Removed Pin From Net: NetName=GND Pin=C11-2
Removed Pin From Net: NetName=GND Pin=C15-2
Removed Pin From Net: NetName=GND Pin=C16-2
Removed Pin From Net: NetName=AOUT_W Pin=C17-1
Removed Pin From Net: NetName=GND Pin=C17-2
Removed Pin From Net: NetName=AOUT_V Pin=C18-1
Removed Pin From Net: NetName=GND Pin=C18-2
Removed Pin From Net: NetName=AOUT_U Pin=C19-1
Removed Pin From Net: NetName=GND Pin=C19-2
Change Component Designator: OldDesignator=C11 NewDesignator=C12
Change Component Designator: OldDesignator=C12 NewDesignator=C11
Change Component Designator: OldDesignator=C15 NewDesignator=C16
Change Component Designator: OldDesignator=C16 NewDesignator=C15
Change Component Designator: OldDesignator=C40 NewDesignator=C22
Change component parameters: Designator = "C1" ("C1"); Footprint = "0603CAP"; UniqueID = "\JARPCNCU" ("\JARPCNCU")
Change component parameters (AddParameter): Name = "Supplier 1"; Value = "Digi-Key"; VariantName = "[No Variations]"
Change component parameters (AddParameter): Name = "Supplier Part Number 1"; Value = "490-12331-1-ND"; VariantName = "[No Variations]"
Change component parameters: Designator = "C2" ("C2"); Footprint = "0402CAP"; UniqueID = "\NOCCOYZC" ("\NOCCOYZC")
Change component parameters (AddParameter): Name = "Supplier 1"; Value = "Digi-Key"; VariantName = "[No Variations]"
Change component parameters (AddParameter): Name = "Supplier Part Number 1"; Value = "490-10672-1-ND"; VariantName = "[No Variations]"
Change component parameters: Designator = "C3" ("C3"); Footprint = "0402CAP"; UniqueID = "\DYWCRLYI" ("\DYWCRLYI")
Change component parameters (AddParameter): Name = "Supplier 1"; Value = "Digi-Key"; VariantName = "[No Variations]"
Change component parameters (AddParameter): Name = "Supplier Part Number 1"; Value = "490-10672-1-ND"; VariantName = "[No Variations]"
Change component parameters: Designator = "C4" ("C4"); Footprint = "0402CAP"; UniqueID = "\JRTOOMUS" ("\JRTOOMUS")
Change component parameters (AddParameter): Name = "Supplier 1"; Value = "Digi-Key"; VariantName = "[No Variations]"
Change component parameters (AddParameter): Name = "Supplier Part Number 1"; Value = "490-10672-1-ND"; VariantName = "[No Variations]"
Change component parameters: Designator = "C5" ("C5"); Footprint = "0402CAP"; UniqueID = "\HQJROSZK" ("\HQJROSZK")
Change component parameters (AddParameter): Name = "Supplier 1"; Value = "Digi-Key"; VariantName = "[No Variations]"
Change component parameters (AddParameter): Name = "Supplier Part Number 1"; Value = "490-10672-1-ND"; VariantName = "[No Variations]"
Change component parameters: Designator = "C6" ("C6"); Footprint = "0402CAP"; UniqueID = "\HJXADFRW" ("\HJXADFRW")
Change component parameters (AddParameter): Name = "Supplier 1"; Value = "Digi-Key"; VariantName = "[No Variations]"
Change component parameters (AddParameter): Name = "Supplier Part Number 1"; Value = "490-10672-1-ND"; VariantName = "[No Variations]"
Change component parameters: Designator = "C8" ("C8"); Footprint = "0603CAP"; UniqueID = "\JZFPSSRD" ("\JZFPSSRD")
Change component parameters (AddParameter): Name = "Supplier 1"; Value = "Digi-Key"; VariantName = "[No Variations]"
Change component parameters (AddParameter): Name = "Supplier Part Number 1"; Value = "490-12331-1-ND"; VariantName = "[No Variations]"
Change component parameters: Designator = "C9" ("C9"); Footprint = "0402CAP"; UniqueID = "\QWZHUPEV" ("\QWZHUPEV")
Change component parameters (AddParameter): Name = "Supplier 1"; Value = "Digi-Key"; VariantName = "[No Variations]"
Change component parameters (AddParameter): Name = "Supplier Part Number 1"; Value = "490-10672-1-ND"; VariantName = "[No Variations]"
Change component parameters: Designator = "C10" ("C10"); Footprint = "0402CAP"; UniqueID = "\OWUAQGOL" ("\OWUAQGOL")
Change component parameters (AddParameter): Name = "Supplier 1"; Value = "Digi-Key"; VariantName = "[No Variations]"
Change component parameters (AddParameter): Name = "Supplier Part Number 1"; Value = "490-10672-1-ND"; VariantName = "[No Variations]"
Change component parameters: Designator = "C11" ("C12"); Footprint = "0402CAP"; UniqueID = "\JMFJFOUS" ("\JMFJFOUS")
Change component parameters (AddParameter): Name = "Supplier 1"; Value = "Digi-Key"; VariantName = "[No Variations]"
Change component parameters (AddParameter): Name = "Supplier Part Number 1"; Value = "399-C0402C220J5GAC7411CT-ND"; VariantName = "[No Variations]"
Change component parameters: Designator = "C12" ("C11"); Footprint = "0603CAP"; UniqueID = "\STNACBIK" ("\STNACBIK")
Change component parameters (AddParameter): Name = "Supplier 1"; Value = "Digi-Key"; VariantName = "[No Variations]"
Change component parameters (AddParameter): Name = "Supplier Part Number 1"; Value = "490-12331-1-ND"; VariantName = "[No Variations]"
Change component parameters: Designator = "C15" ("C16"); Footprint = "0603CAP"; UniqueID = "\GVRHOPHU" ("\GVRHOPHU")
Change component parameters (AddParameter): Name = "Supplier 1"; Value = "Digi-Key"; VariantName = "[No Variations]"
Change component parameters (AddParameter): Name = "Supplier Part Number 1"; Value = "490-12331-1-ND"; VariantName = "[No Variations]"
Change component parameters: Designator = "C16" ("C15"); Footprint = "0402CAP"; UniqueID = "\MKGPYMOF" ("\MKGPYMOF")
Change component parameters (AddParameter): Name = "Supplier 1"; Value = "Digi-Key"; VariantName = "[No Variations]"
Change component parameters (AddParameter): Name = "Supplier Part Number 1"; Value = "399-C0402C220J5GAC7411CT-ND"; VariantName = "[No Variations]"
Change component parameters: Designator = "C17" ("C17"); Footprint = "0402CAP"; UniqueID = "\UZOLYJFM" ("\UZOLYJFM")
Change component parameters (AddParameter): Name = "Supplier 1"; Value = "Digi-Key"; VariantName = "[No Variations]"
Change component parameters (AddParameter): Name = "Supplier Part Number 1"; Value = "399-C0402C220J5GAC7411CT-ND"; VariantName = "[No Variations]"
Change component parameters: Designator = "C18" ("C18"); Footprint = "0402CAP"; UniqueID = "\HXTRHDHV" ("\HXTRHDHV")
Change component parameters (AddParameter): Name = "Supplier 1"; Value = "Digi-Key"; VariantName = "[No Variations]"
Change component parameters (AddParameter): Name = "Supplier Part Number 1"; Value = "399-C0402C220J5GAC7411CT-ND"; VariantName = "[No Variations]"
Change component parameters: Designator = "C19" ("C19"); Footprint = "0402CAP"; UniqueID = "\ISWNRKHR" ("\ISWNRKHR")
Change component parameters (AddParameter): Name = "Supplier 1"; Value = "Digi-Key"; VariantName = "[No Variations]"
Change component parameters (AddParameter): Name = "Supplier Part Number 1"; Value = "399-C0402C220J5GAC7411CT-ND"; VariantName = "[No Variations]"
Change component parameters: Designator = "C40" ("C22"); Footprint = "0402CAP"; UniqueID = "\IDWSAHUV" ("\IDWSAHUV")
Change component parameters (AddParameter): Name = "Supplier 1"; Value = "Digi-Key"; VariantName = "[No Variations]"
Change component parameters (AddParameter): Name = "Supplier Part Number 1"; Value = "490-10672-1-ND"; VariantName = "[No Variations]"
Added Pin To Net: NetName=GND Pin=C12-1
Added Pin To Net: NetName=GND Pin=C15-1
Added Pin To Net: NetName=GND Pin=C16-1
Added Pin To Net: NetName=GND Pin=C17-1
Added Pin To Net: NetName=AOUT_W Pin=C17-2
Added Pin To Net: NetName=GND Pin=C18-1
Added Pin To Net: NetName=AOUT_V Pin=C18-2
Added Pin To Net: NetName=GND Pin=C19-1
Added Pin To Net: NetName=AOUT_U Pin=C19-2
Added Pin To Net: NetName=NetC12_2 Pin=C12-2
Added Pin To Net: NetName=NetC12_2 Pin=U2-1
Added Pin To Net: NetName=NetC12_2 Pin=Y1-2
Added Net: Name=NetC12_2
Added Pin To Net: NetName=NetC15_2 Pin=C15-2
Added Pin To Net: NetName=NetC15_2 Pin=U2-2
Added Pin To Net: NetName=NetC15_2 Pin=Y1-1
Added Net: Name=NetC15_2
Added Pin To Net: NetName=NetC16_2 Pin=C16-2
Added Pin To Net: NetName=NetC16_2 Pin=U2-4
Added Net: Name=NetC16_2
