Replace Part C7 UMK325BJ106KMHP in \\Mac\Home\Projects\Robotic Arm\Robotic Arm\Motor Controller.SchDoc with UMK325BJ106KMHP from Main.SchLib
Replace Part C14 C1005X7R1H473K050BB in \\Mac\Home\Projects\Robotic Arm\Robotic Arm\Motor Controller.SchDoc with C1005X7R1H473K050BB from Main.SchLib
Replace Part C20 EEE-FT1H470AL in \\Mac\Home\Projects\Robotic Arm\Robotic Arm\Motor Controller.SchDoc with EEE-FT1H470AL from Main.SchLib
Replace Part C21 EEE-FT1H470AL in \\Mac\Home\Projects\Robotic Arm\Robotic Arm\Motor Controller.SchDoc with EEE-FT1H470AL from Main.SchLib
Replace Part D1 APT1608LSECK/J3-PRV in \\Mac\Home\Projects\Robotic Arm\Robotic Arm\Motor Controller.SchDoc with APT1608LSECK/J3-PRV from Main.SchLib
Replace Part D2 APT1608MGC in \\Mac\Home\Projects\Robotic Arm\Robotic Arm\Motor Controller.SchDoc with APT1608MGC from Main.SchLib
Replace Part D3 PMEG40T20EPX in \\Mac\Home\Projects\Robotic Arm\Robotic Arm\Motor Controller.SchDoc with PMEG40T20EPX from Main.SchLib
Replace Part J1 1054500101 in \\Mac\Home\Projects\Robotic Arm\Robotic Arm\Motor Controller.SchDoc with 1054500101 from Main.SchLib
Replace Part J1 1054500101 in \\Mac\Home\Projects\Robotic Arm\Robotic Arm\Motor Controller.SchDoc with 1054500101 from Main.SchLib
Replace Part J1 1054500101 in \\Mac\Home\Projects\Robotic Arm\Robotic Arm\Motor Controller.SchDoc with 1054500101 from Main.SchLib
Replace Part L1 L1210R470KDWIT in \\Mac\Home\Projects\Robotic Arm\Robotic Arm\Motor Controller.SchDoc with L1210R470KDWIT from Main.SchLib
Replace Part P1 Power Pad in \\Mac\Home\Projects\Robotic Arm\Robotic Arm\Motor Controller.SchDoc with Power Pad from Main.SchLib
Replace Part P2 Small PTH Pad in \\Mac\Home\Projects\Robotic Arm\Robotic Arm\Motor Controller.SchDoc with Small PTH Pad from Main.SchLib
Replace Part P3 Power Pad in \\Mac\Home\Projects\Robotic Arm\Robotic Arm\Motor Controller.SchDoc with Power Pad from Main.SchLib
Replace Part P4 Small PTH Pad in \\Mac\Home\Projects\Robotic Arm\Robotic Arm\Motor Controller.SchDoc with Small PTH Pad from Main.SchLib
Replace Part P5 Power Pad in \\Mac\Home\Projects\Robotic Arm\Robotic Arm\Motor Controller.SchDoc with Power Pad from Main.SchLib
Replace Part P6 Small PTH Pad in \\Mac\Home\Projects\Robotic Arm\Robotic Arm\Motor Controller.SchDoc with Small PTH Pad from Main.SchLib
Replace Part P7 Power Pad in \\Mac\Home\Projects\Robotic Arm\Robotic Arm\Motor Controller.SchDoc with Power Pad from Main.SchLib
Replace Part P8 Small PTH Pad in \\Mac\Home\Projects\Robotic Arm\Robotic Arm\Motor Controller.SchDoc with Small PTH Pad from Main.SchLib
Replace Part P9 Power Pad in \\Mac\Home\Projects\Robotic Arm\Robotic Arm\Motor Controller.SchDoc with Power Pad from Main.SchLib
Replace Part R1 ERJ2RKD27R0X in \\Mac\Home\Projects\Robotic Arm\Robotic Arm\Motor Controller.SchDoc with ERJ2RKD27R0X from Main.SchLib
Replace Part R2 ERJ2RKD27R0X in \\Mac\Home\Projects\Robotic Arm\Robotic Arm\Motor Controller.SchDoc with ERJ2RKD27R0X from Main.SchLib
Replace Part R3 ERJ-2RKF7500X in \\Mac\Home\Projects\Robotic Arm\Robotic Arm\Motor Controller.SchDoc with ERJ-2RKF7500X from Main.SchLib
Replace Part R4 ERJ-2RKF5101X in \\Mac\Home\Projects\Robotic Arm\Robotic Arm\Motor Controller.SchDoc with ERJ-2RKF5101X from Main.SchLib
Replace Part R5 ERJ-2RKF5101X in \\Mac\Home\Projects\Robotic Arm\Robotic Arm\Motor Controller.SchDoc with ERJ-2RKF5101X from Main.SchLib
Replace Part R6 ERJ-2RKF5101X in \\Mac\Home\Projects\Robotic Arm\Robotic Arm\Motor Controller.SchDoc with ERJ-2RKF5101X from Main.SchLib
Replace Part R7 ERJ-2RKF5101X in \\Mac\Home\Projects\Robotic Arm\Robotic Arm\Motor Controller.SchDoc with ERJ-2RKF5101X from Main.SchLib
Replace Part R8 ERJ-2RKF5101X in \\Mac\Home\Projects\Robotic Arm\Robotic Arm\Motor Controller.SchDoc with ERJ-2RKF5101X from Main.SchLib
Replace Part R9 ERJ-2RKF5101X in \\Mac\Home\Projects\Robotic Arm\Robotic Arm\Motor Controller.SchDoc with ERJ-2RKF5101X from Main.SchLib
Replace Part R10 ERJ2RKF3300X in \\Mac\Home\Projects\Robotic Arm\Robotic Arm\Motor Controller.SchDoc with ERJ2RKF3300X from Main.SchLib
Replace Part R11 ERJ2RKF2701X in \\Mac\Home\Projects\Robotic Arm\Robotic Arm\Motor Controller.SchDoc with ERJ2RKF2701X from Main.SchLib
Replace Part R12 ERJ2RKF3300X in \\Mac\Home\Projects\Robotic Arm\Robotic Arm\Motor Controller.SchDoc with ERJ2RKF3300X from Main.SchLib
Replace Part R13 ERJ2RKF3300X in \\Mac\Home\Projects\Robotic Arm\Robotic Arm\Motor Controller.SchDoc with ERJ2RKF3300X from Main.SchLib
Replace Part R14 ERJ-2RKF5101X in \\Mac\Home\Projects\Robotic Arm\Robotic Arm\Motor Controller.SchDoc with ERJ-2RKF5101X from Main.SchLib
Replace Part R15 ERJ-2RKF5101X in \\Mac\Home\Projects\Robotic Arm\Robotic Arm\Motor Controller.SchDoc with ERJ-2RKF5101X from Main.SchLib
Replace Part R16 ERJ-2RKF6040X in \\Mac\Home\Projects\Robotic Arm\Robotic Arm\Motor Controller.SchDoc with ERJ-2RKF6040X from Main.SchLib
Replace Part R17 ERJ2RHD1003X in \\Mac\Home\Projects\Robotic Arm\Robotic Arm\Motor Controller.SchDoc with ERJ2RHD1003X from Main.SchLib
Replace Part R18 ERJ-2RKF5101X in \\Mac\Home\Projects\Robotic Arm\Robotic Arm\Motor Controller.SchDoc with ERJ-2RKF5101X from Main.SchLib
Replace Part R19 ERJ-2RKF5101X in \\Mac\Home\Projects\Robotic Arm\Robotic Arm\Motor Controller.SchDoc with ERJ-2RKF5101X from Main.SchLib
Replace Part R20 ERJ-2RKF5101X in \\Mac\Home\Projects\Robotic Arm\Robotic Arm\Motor Controller.SchDoc with ERJ-2RKF5101X from Main.SchLib
Replace Part R21 ERJ2RHD1003X in \\Mac\Home\Projects\Robotic Arm\Robotic Arm\Motor Controller.SchDoc with ERJ2RHD1003X from Main.SchLib
Replace Part SW1 EVQ-P2402M in \\Mac\Home\Projects\Robotic Arm\Robotic Arm\Motor Controller.SchDoc with EVQ-P2402M from Main.SchLib
Replace Part U1 AS5047D-ATSM in \\Mac\Home\Projects\Robotic Arm\Robotic Arm\Motor Controller.SchDoc with AS5047D-ATSM from Main.SchLib
Replace Part U2 ATSAMD21G18A-MF in \\Mac\Home\Projects\Robotic Arm\Robotic Arm\Motor Controller.SchDoc with ATSAMD21G18A-MF from Main.SchLib
Replace Part U3 DRV8316 in \\Mac\Home\Projects\Robotic Arm\Robotic Arm\Motor Controller.SchDoc with DRV8316 from Main.SchLib
Replace Part U4 LM4040D33FTA in \\Mac\Home\Projects\Robotic Arm\Robotic Arm\Motor Controller.SchDoc with LM4040D33FTA from Main.SchLib
Replace Part U5 LT1716CS5#TRMPBF in \\Mac\Home\Projects\Robotic Arm\Robotic Arm\Motor Controller.SchDoc with LT1716CS5#TRMPBF from Main.SchLib
Replace Part U6 SN74LV1T32DBVR in \\Mac\Home\Projects\Robotic Arm\Robotic Arm\Motor Controller.SchDoc with SN74LV1T32DBVR from Main.SchLib
Replace Part U6 SN74LV1T32DBVR in \\Mac\Home\Projects\Robotic Arm\Robotic Arm\Motor Controller.SchDoc with SN74LV1T32DBVR from Main.SchLib
Replace Part Y1 ABS05W-32.768KHZ-D-2-T in \\Mac\Home\Projects\Robotic Arm\Robotic Arm\Motor Controller.SchDoc with ABS05W-32.768KHZ-D-2-T from Main.SchLib
