Change Physical Footprint: Designator=C1 Old Footprint=0603CAP New Footprint=0603CAP
Change Physical Footprint: Designator=C2 Old Footprint=0402CAP New Footprint=0402CAP
Change Physical Footprint: Designator=C3 Old Footprint=0402CAP New Footprint=0402CAP
Change Physical Footprint: Designator=C4 Old Footprint=0402CAP New Footprint=0402CAP
Change Physical Footprint: Designator=C5 Old Footprint=0402CAP New Footprint=0402CAP
Change Physical Footprint: Designator=C6 Old Footprint=0603CAP New Footprint=0603CAP
Change Physical Footprint: Designator=C7 Old Footprint=0402CAP New Footprint=0402CAP
Change Physical Footprint: Designator=C8 Old Footprint=0402CAP New Footprint=0402CAP
Change Physical Footprint: Designator=C9 Old Footprint=0402CAP New Footprint=0402CAP
Change Physical Footprint: Designator=C10 Old Footprint=CAPC2013X140X50LL20T25 New Footprint=CAPC2013X140X50LL20T25
Change Physical Footprint: Designator=C11 Old Footprint=0603CAP New Footprint=0603CAP
Change Physical Footprint: Designator=C12 Old Footprint=0402CAP New Footprint=0402CAP
Change Physical Footprint: Designator=C13 Old Footprint=CAPC2013X140X50LL20T25 New Footprint=CAPC2013X140X50LL20T25
Change Physical Footprint: Designator=C14 Old Footprint=CAPC2013X140X50LL20T25 New Footprint=CAPC2013X140X50LL20T25
Change Physical Footprint: Designator=C15 Old Footprint=CAPC2013X140X50LL20T25 New Footprint=CAPC2013X140X50LL20T25
Change Physical Footprint: Designator=C16 Old Footprint=CAPC2013X140X50LL20T25 New Footprint=CAPC2013X140X50LL20T25
Change Physical Footprint: Designator=C17 Old Footprint=CAPC2013X140X50LL20T25 New Footprint=CAPC2013X140X50LL20T25
Change Physical Footprint: Designator=C18 Old Footprint=CAPC2013X140X50LL20T25 New Footprint=CAPC2013X140X50LL20T25
Change Physical Footprint: Designator=C19 Old Footprint=CAPC2013X140X50LL20T25 New Footprint=CAPC2013X140X50LL20T25
Change Physical Footprint: Designator=C20 Old Footprint=CAPC2013X140X50LL20T25 New Footprint=CAPC2013X140X50LL20T25
Change Physical Footprint: Designator=C21 Old Footprint=CAPC2013X140X50LL20T25 New Footprint=CAPC2013X140X50LL20T25
Change Physical Footprint: Designator=C22 Old Footprint=CAPC2013X140X50LL20T25 New Footprint=CAPC2013X140X50LL20T25
Change Physical Footprint: Designator=C23 Old Footprint=CAPC2013X140X50LL20T25 New Footprint=CAPC2013X140X50LL20T25
Change Physical Footprint: Designator=C24 Old Footprint=CAPC2013X140X50LL20T25 New Footprint=CAPC2013X140X50LL20T25
Change Physical Footprint: Designator=C25 Old Footprint=CAPC2013X140X50LL20T25 New Footprint=CAPC2013X140X50LL20T25
Change Physical Footprint: Designator=C26 Old Footprint=CAPC2013X140X50LL20T25 New Footprint=CAPC2013X140X50LL20T25
Change Physical Footprint: Designator=C27 Old Footprint=CAPC2013X140X50LL20T25 New Footprint=CAPC2013X140X50LL20T25
Change Physical Footprint: Designator=C28 Old Footprint=CAPC2013X140X50LL20T25 New Footprint=CAPC2013X140X50LL20T25
Change Physical Footprint: Designator=C29 Old Footprint=CAPC2013X140X50LL20T25 New Footprint=CAPC2013X140X50LL20T25
Change Physical Footprint: Designator=C30 Old Footprint=CAPC2013X140X50LL20T25 New Footprint=CAPC2013X140X50LL20T25
Change Physical Footprint: Designator=C31 Old Footprint=CAPC2013X140X50LL20T25 New Footprint=CAPC2013X140X50LL20T25
Change Physical Footprint: Designator=C32 Old Footprint=CAPC2013X140X50LL20T25 New Footprint=CAPC2013X140X50LL20T25
Change Physical Footprint: Designator=C33 Old Footprint=0603CAP New Footprint=0603CAP
Change Physical Footprint: Designator=C34 Old Footprint=FP-C3225-250-0_4-IPC_A New Footprint=FP-C3225-250-0_4-IPC_A
Change Physical Footprint: Designator=C35 Old Footprint=CAPC1005X55X10NL05 New Footprint=CAPC1005X55X10NL05
Change Physical Footprint: Designator=C36 Old Footprint=0402CAP New Footprint=0402CAP
Change Physical Footprint: Designator=C37 Old Footprint=0402CAP New Footprint=0402CAP
Change Physical Footprint: Designator=C38 Old Footprint=0402CAP New Footprint=0402CAP
Change Physical Footprint: Designator=D1 Old Footprint=FP-APT1608LSECK-J3-PRV-MFG New Footprint=FP-APT1608LSECK-J3-PRV-MFG
Change Physical Footprint: Designator=D2 Old Footprint=FP-498-MFG New Footprint=FP-498-MFG
Change Physical Footprint: Designator=J1 Old Footprint=FP-M50-3600542-MFG New Footprint=FP-M50-3600542-MFG
Change Physical Footprint: Designator=J2 Old Footprint=FP-473460001-MFG New Footprint=FP-473460001-MFG
Change Physical Footprint: Designator=L1 Old Footprint=INDC3225X25N New Footprint=INDC3225X25N
Change Physical Footprint: Designator=R4 Old Footprint=RESC1005X40X25LL05T05 New Footprint=RESC1005X40X25LL05T05
Change Physical Footprint: Designator=R5 Old Footprint=RESC1005X40X25LL05T05 New Footprint=RESC1005X40X25LL05T05
Change Physical Footprint: Designator=R6 Old Footprint=RESC1005X40X25LL05T05 New Footprint=RESC1005X40X25LL05T05
Change Physical Footprint: Designator=R7 Old Footprint=RESC1005X40X25LL05T05 New Footprint=RESC1005X40X25LL05T05
Change Physical Footprint: Designator=R8 Old Footprint=RESC1005X40X25LL05T05 New Footprint=RESC1005X40X25LL05T05
Change Physical Footprint: Designator=R9 Old Footprint=RESC1005X40X25LL05T05 New Footprint=RESC1005X40X25LL05T05
Change Physical Footprint: Designator=SW1 Old Footprint=EVQ-P2402M New Footprint=EVQ-P2402M
Change Physical Footprint: Designator=U1 Old Footprint=QFN-48 New Footprint=QFN-48
Change Physical Footprint: Designator=U2 Old Footprint=QFN50P500X700X100_HS-41L New Footprint=QFN50P500X700X100_HS-41L
Change Physical Footprint: Designator=U3 Old Footprint=SOT65P210X100-3N New Footprint=SOT65P210X100-3N
Change Physical Footprint: Designator=Y1 Old Footprint=ABS05W-32.768KHZ-D-2-T New Footprint=ABS05W-32.768KHZ-D-2-T
