Removed Pin From Net: NetName=GND Pin=C25-1
Removed Pin From Net: NetName=VS Pin=C25-2
Removed Pin From Net: NetName=GND Pin=C26-1
Removed Pin From Net: NetName=VS Pin=C26-2
Removed Pin From Net: NetName=GND Pin=C27-1
Removed Pin From Net: NetName=VS Pin=C27-2
Removed Pin From Net: NetName=GND Pin=C28-1
Removed Pin From Net: NetName=VS Pin=C28-2
Removed Pin From Net: NetName=GND Pin=C29-1
Removed Pin From Net: NetName=VS Pin=C29-2
Removed Pin From Net: NetName=GND Pin=C30-1
Removed Pin From Net: NetName=VS Pin=C30-2
Removed Pin From Net: NetName=GND Pin=C31-1
Removed Pin From Net: NetName=VS Pin=C31-2
Removed Pin From Net: NetName=GND Pin=C32-1
Removed Pin From Net: NetName=VS Pin=C32-2
Removed Pin From Net: NetName=GND Pin=C33-1
Removed Pin From Net: NetName=VS Pin=C33-2
Removed Pin From Net: NetName=GND Pin=C34-1
Removed Pin From Net: NetName=VS Pin=C34-2
Removed Pin From Net: NetName=GND Pin=C35-1
Removed Pin From Net: NetName=VS Pin=C35-2
Removed Pin From Net: NetName=GND Pin=C36-1
Removed Pin From Net: NetName=VS Pin=C36-2
Removed Pin From Net: NetName=GND Pin=C37-1
Removed Pin From Net: NetName=VS Pin=C37-2
Removed Pin From Net: NetName=GND Pin=C38-1
Removed Pin From Net: NetName=VS Pin=C38-2
Removed Pin From Net: NetName=GND Pin=C39-1
Removed Pin From Net: NetName=VS Pin=C39-2
Removed Member From Class: ClassName=Motor Controller Member=C28
Removed Member From Class: ClassName=Motor Controller Member=C29
Removed Member From Class: ClassName=Motor Controller Member=C30
Removed Member From Class: ClassName=Motor Controller Member=C31
Removed Member From Class: ClassName=Motor Controller Member=C32
Removed Member From Class: ClassName=Motor Controller Member=C33
Removed Member From Class: ClassName=Motor Controller Member=C34
Removed Member From Class: ClassName=Motor Controller Member=C35
Removed Member From Class: ClassName=Motor Controller Member=C36
Removed Member From Class: ClassName=Motor Controller Member=C37
Removed Member From Class: ClassName=Motor Controller Member=C38
Removed Member From Class: ClassName=Motor Controller Member=C39
Change Component Designator: OldDesignator=C20 NewDesignator=C23
Change Component Designator: OldDesignator=C21 NewDesignator=C24
Change Component Designator: OldDesignator=C22 NewDesignator=C25
Change Component Designator: OldDesignator=C23 NewDesignator=C26
Change Component Designator: OldDesignator=C24 NewDesignator=C27
Added Component: Designator=C20(CAPAE7866X61N)
Add component (AddParameter): Name = "Supplier 1"; Value = "Digi-Key"; VariantName = "[No Variations]"
Add component (AddParameter): Name = "Supplier Part Number 1"; Value = "10-EEE-FT1H470ALCT-ND"; VariantName = "[No Variations]"
Added Component: Designator=C21(CAPAE7866X61N)
Add component (AddParameter): Name = "Supplier 1"; Value = "Digi-Key"; VariantName = "[No Variations]"
Add component (AddParameter): Name = "Supplier Part Number 1"; Value = "10-EEE-FT1H470ALCT-ND"; VariantName = "[No Variations]"
Added Component: Designator=C22(CAPAE7866X61N)
Add component (AddParameter): Name = "Supplier 1"; Value = "Digi-Key"; VariantName = "[No Variations]"
Add component (AddParameter): Name = "Supplier Part Number 1"; Value = "10-EEE-FT1H470ALCT-ND"; VariantName = "[No Variations]"
Added Pin To Net: NetName=VS Pin=C20-1
Added Pin To Net: NetName=GND Pin=C20-2
Added Pin To Net: NetName=VS Pin=C21-1
Added Pin To Net: NetName=GND Pin=C21-2
Added Pin To Net: NetName=VS Pin=C22-1
Added Pin To Net: NetName=GND Pin=C22-2
Added Room: Name=Motor Controller
