Removed Pin From Net: NetName=GND Pin=SW1-3
Removed Pin From Net: NetName=\RESET Pin=SW1-4
Removed Pin From Net: NetName=NetC5_1 Pin=U1-1
Removed Pin From Net: NetName=NetC7_1 Pin=U1-2
Removed Pin From Net: NetName=NetC6_1 Pin=U1-4
Removed Pin From Net: NetName=GND Pin=U1-5
Removed Pin From Net: NetName=3v3 Pin=U1-6
Removed Pin From Net: NetName=3v3 Pin=U1-17
Removed Pin From Net: NetName=GND Pin=U1-18
Removed Pin From Net: NetName=D13 Pin=U1-26
Removed Pin From Net: NetName=USB_N Pin=U1-33
Removed Pin From Net: NetName=USB_P Pin=U1-34
Removed Pin From Net: NetName=GND Pin=U1-35
Removed Pin From Net: NetName=3v3 Pin=U1-36
Removed Pin From Net: NetName=\RESET Pin=U1-40
Removed Pin From Net: NetName=GND Pin=U1-42
Removed Pin From Net: NetName=3v3 Pin=U1-43
Removed Pin From Net: NetName=3v3 Pin=U1-44
Removed Pin From Net: NetName=GND Pin=U1-49
Removed Member From Class: ClassName=Motor Controller Member=SW1
Removed Member From Class: ClassName=Motor Controller Member=U1
Added Net: Name=NetU?_3
Added Net: Name=NetU?_7
Added Net: Name=NetU?_8
Added Net: Name=NetU?_9
Added Net: Name=NetU?_10
Added Net: Name=NetU?_12
Added Net: Name=NetU?_15
Added Net: Name=NetU?_16
Added Net: Name=NetU?_19
Added Net: Name=NetU?_20
Added Net: Name=NetU?_21
Added Net: Name=NetU?_24
Added Net: Name=NetU?_25
Added Net: Name=NetU?_27
Added Net: Name=NetU?_28
Added Net: Name=NetU?_29
Added Net: Name=NetU?_31
Added Net: Name=NetU?_32
Added Net: Name=NetU?_45
Added Net: Name=NetU?_46
Added Net: Name=NetU?_47
Added Room: Name=Motor Controller
